2014/07/28 20:26:52 [error] [php] strcmp() expects parameter 2 to be string, array given (/home/polz/raziskave/issep-2014/BOBER/backend/components/CustomCHtml.php:41)
Stack trace:
#0 /home/polz/raziskave/issep-2014/BOBER/common/lib/yii/web/CBaseController.php(126): require()
#1 /home/polz/raziskave/issep-2014/BOBER/common/lib/yii/web/CBaseController.php(95): StartCompetitionController->renderInternal()
#2 /home/polz/raziskave/issep-2014/BOBER/common/lib/yii/web/CController.php(869): StartCompetitionController->renderFile()
#3 /home/polz/raziskave/issep-2014/BOBER/backend/views/startCompetition/create.php(9): StartCompetitionController->renderPartial()
#4 /home/polz/raziskave/issep-2014/BOBER/common/lib/yii/web/CBaseController.php(126): require()
#5 /home/polz/raziskave/issep-2014/BOBER/common/lib/yii/web/CBaseController.php(95): StartCompetitionController->renderInternal()
#6 /home/polz/raziskave/issep-2014/BOBER/common/lib/yii/web/CController.php(869): StartCompetitionController->renderFile()
#7 /home/polz/raziskave/issep-2014/BOBER/common/lib/yii/web/CController.php(782): StartCompetitionController->renderPartial()
#8 /home/polz/raziskave/issep-2014/BOBER/backend/controllers/StartCompetitionController.php(187): StartCompetitionController->render()
#9 /home/polz/raziskave/issep-2014/BOBER/backend/controllers/StartCompetitionController.php(213): StartCompetitionController->actionCreate()
#10 /home/polz/raziskave/issep-2014/BOBER/common/lib/yii/web/actions/CInlineAction.php(49): StartCompetitionController->actionIndex()
#11 /home/polz/raziskave/issep-2014/BOBER/common/lib/yii/web/CController.php(308): CInlineAction->runWithParams()
#12 /home/polz/raziskave/issep-2014/BOBER/common/lib/yii/web/filters/CFilterChain.php(133): StartCompetitionController->runAction()
#13 /home/polz/raziskave/issep-2014/BOBER/common/lib/yii/web/filters/CFilter.php(40): CFilterChain->run()
#14 /home/polz/raziskave/issep-2014/BOBER/common/lib/yii/web/CController.php(1145): CAccessControlFilter->filter()
#15 /home/polz/raziskave/issep-2014/BOBER/common/lib/yii/web/filters/CInlineFilter.php(58): StartCompetitionController->filterAccessControl()
#16 /home/polz/raziskave/issep-2014/BOBER/common/lib/yii/web/filters/CFilterChain.php(130): CInlineFilter->filter()
#17 /home/polz/raziskave/issep-2014/BOBER/common/lib/yii/web/CController.php(291): CFilterChain->run()
#18 /home/polz/raziskave/issep-2014/BOBER/common/lib/yii/web/CController.php(265): StartCompetitionController->runActionWithFilters()
#19 /home/polz/raziskave/issep-2014/BOBER/common/lib/yii/web/CWebApplication.php(282): StartCompetitionController->run()
#20 /home/polz/raziskave/issep-2014/BOBER/common/lib/yii/web/CWebApplication.php(141): CWebApplication->runController()
#21 /home/polz/raziskave/issep-2014/BOBER/common/lib/yii/base/CApplication.php(180): CWebApplication->processRequest()
#22 /home/polz/raziskave/issep-2014/BOBER/backend/www/index.php(23): CWebApplication->run()
REQUEST_URI=/bober/
in /home/polz/raziskave/issep-2014/BOBER/backend/components/CustomCHtml.php (41)
in /home/polz/raziskave/issep-2014/BOBER/backend/views/startCompetition/_form.php (72)
in /home/polz/raziskave/issep-2014/BOBER/backend/views/startCompetition/create.php (9)
2014/07/28 20:26:58 [error] [php] strcmp() expects parameter 2 to be string, array given (/home/polz/raziskave/issep-2014/BOBER/backend/components/CustomCHtml.php:41)
Stack trace:
#0 /home/polz/raziskave/issep-2014/BOBER/common/lib/yii/web/CBaseController.php(126): require()
#1 /home/polz/raziskave/issep-2014/BOBER/common/lib/yii/web/CBaseController.php(95): StartCompetitionController->renderInternal()
#2 /home/polz/raziskave/issep-2014/BOBER/common/lib/yii/web/CController.php(869): StartCompetitionController->renderFile()
#3 /home/polz/raziskave/issep-2014/BOBER/backend/views/startCompetition/create.php(9): StartCompetitionController->renderPartial()
#4 /home/polz/raziskave/issep-2014/BOBER/common/lib/yii/web/CBaseController.php(126): require()
#5 /home/polz/raziskave/issep-2014/BOBER/common/lib/yii/web/CBaseController.php(95): StartCompetitionController->renderInternal()
#6 /home/polz/raziskave/issep-2014/BOBER/common/lib/yii/web/CController.php(869): StartCompetitionController->renderFile()
#7 /home/polz/raziskave/issep-2014/BOBER/common/lib/yii/web/CController.php(782): StartCompetitionController->renderPartial()
#8 /home/polz/raziskave/issep-2014/BOBER/backend/controllers/StartCompetitionController.php(187): StartCompetitionController->render()
#9 /home/polz/raziskave/issep-2014/BOBER/backend/controllers/StartCompetitionController.php(213): StartCompetitionController->actionCreate()
#10 /home/polz/raziskave/issep-2014/BOBER/common/lib/yii/web/actions/CInlineAction.php(49): StartCompetitionController->actionIndex()
#11 /home/polz/raziskave/issep-2014/BOBER/common/lib/yii/web/CController.php(308): CInlineAction->runWithParams()
#12 /home/polz/raziskave/issep-2014/BOBER/common/lib/yii/web/filters/CFilterChain.php(133): StartCompetitionController->runAction()
#13 /home/polz/raziskave/issep-2014/BOBER/common/lib/yii/web/filters/CFilter.php(40): CFilterChain->run()
#14 /home/polz/raziskave/issep-2014/BOBER/common/lib/yii/web/CController.php(1145): CAccessControlFilter->filter()
#15 /home/polz/raziskave/issep-2014/BOBER/common/lib/yii/web/filters/CInlineFilter.php(58): StartCompetitionController->filterAccessControl()
#16 /home/polz/raziskave/issep-2014/BOBER/common/lib/yii/web/filters/CFilterChain.php(130): CInlineFilter->filter()
#17 /home/polz/raziskave/issep-2014/BOBER/common/lib/yii/web/CController.php(291): CFilterChain->run()
#18 /home/polz/raziskave/issep-2014/BOBER/common/lib/yii/web/CController.php(265): StartCompetitionController->runActionWithFilters()
#19 /home/polz/raziskave/issep-2014/BOBER/common/lib/yii/web/CWebApplication.php(282): StartCompetitionController->run()
#20 /home/polz/raziskave/issep-2014/BOBER/common/lib/yii/web/CWebApplication.php(141): CWebApplication->runController()
#21 /home/polz/raziskave/issep-2014/BOBER/common/lib/yii/base/CApplication.php(180): CWebApplication->processRequest()
#22 /home/polz/raziskave/issep-2014/BOBER/backend/www/index.php(23): CWebApplication->run()
REQUEST_URI=/bober/
in /home/polz/raziskave/issep-2014/BOBER/backend/components/CustomCHtml.php (41)
in /home/polz/raziskave/issep-2014/BOBER/backend/views/startCompetition/_form.php (72)
in /home/polz/raziskave/issep-2014/BOBER/backend/views/startCompetition/create.php (9)
2014/07/28 20:31:57 [error] [exception.CException] exception 'CException' with message 'CAssetManager.basePath "/home/polz/raziskave/issep-2014/BOBER/backend/www/assets" is invalid. Please make sure the directory exists and is writable by the Web server process.' in /home/polz/raziskave/issep-2014/BOBER/common/lib/yii/web/CAssetManager.php:138
Stack trace:
#0 /home/polz/raziskave/issep-2014/BOBER/common/lib/yii/web/CAssetManager.php(123): CAssetManager->setBasePath('/home/polz/razi...')
#1 /home/polz/raziskave/issep-2014/BOBER/common/lib/yii/web/CAssetManager.php(217): CAssetManager->getBasePath()
#2 /home/polz/raziskave/issep-2014/BOBER/backend/components/CustomCAssetManager.php(6): CAssetManager->publish('/home/polz/razi...', true, -1, NULL)
#3 /home/polz/raziskave/issep-2014/BOBER/common/lib/yii/web/CClientScript.php(510): CustomCAssetManager->publish('/home/polz/razi...')
#4 /home/polz/raziskave/issep-2014/BOBER/common/lib/yii/zii/widgets/jui/CJuiWidget.php(98): CClientScript->getCoreScriptUrl()
#5 /home/polz/raziskave/issep-2014/BOBER/common/lib/yii/zii/widgets/jui/CJuiWidget.php(81): CJuiWidget->resolvePackagePath()
#6 /home/polz/raziskave/issep-2014/BOBER/common/lib/yii/zii/widgets/jui/CJuiButton.php(87): CJuiWidget->init()
#7 /home/polz/raziskave/issep-2014/BOBER/common/lib/yii/web/CBaseController.php(147): CJuiButton->init()
#8 /home/polz/raziskave/issep-2014/BOBER/common/lib/yii/web/CBaseController.php(172): CBaseController->createWidget('zii.widgets.jui...', Array)
#9 /home/polz/raziskave/issep-2014/BOBER/backend/views/startCompetition/_form.php(92): CBaseController->widget('zii.widgets.jui...', Array)
#10 /home/polz/raziskave/issep-2014/BOBER/common/lib/yii/web/CBaseController.php(126): require('/home/polz/razi...')
#11 /home/polz/raziskave/issep-2014/BOBER/common/lib/yii/web/CBaseController.php(95): CBaseController->renderInternal('/home/polz/razi...', Array, true)
#12 /home/polz/raziskave/issep-2014/BOBER/common/lib/yii/web/CController.php(869): CBaseController->renderFile('/home/polz/razi...', Array, true)
#13 /home/polz/raziskave/issep-2014/BOBER/backend/views/startCompetition/create.php(9): CController->renderPartial('_form', Array)
#14 /home/polz/raziskave/issep-2014/BOBER/common/lib/yii/web/CBaseController.php(126): require('/home/polz/razi...')
#15 /home/polz/raziskave/issep-2014/BOBER/common/lib/yii/web/CBaseController.php(95): CBaseController->renderInternal('/home/polz/razi...', Array, true)
#16 /home/polz/raziskave/issep-2014/BOBER/common/lib/yii/web/CController.php(869): CBaseController->renderFile('/home/polz/razi...', Array, true)
#17 /home/polz/raziskave/issep-2014/BOBER/common/lib/yii/web/CController.php(782): CController->renderPartial('create', Array, true)
#18 /home/polz/raziskave/issep-2014/BOBER/backend/controllers/StartCompetitionController.php(187): CController->render('create', Array)
#19 /home/polz/raziskave/issep-2014/BOBER/backend/controllers/StartCompetitionController.php(213): StartCompetitionController->actionCreate()
#20 /home/polz/raziskave/issep-2014/BOBER/common/lib/yii/web/actions/CInlineAction.php(49): StartCompetitionController->actionIndex()
#21 /home/polz/raziskave/issep-2014/BOBER/common/lib/yii/web/CController.php(308): CInlineAction->runWithParams(Array)
#22 /home/polz/raziskave/issep-2014/BOBER/common/lib/yii/web/filters/CFilterChain.php(133): CController->runAction(Object(CInlineAction))
#23 /home/polz/raziskave/issep-2014/BOBER/common/lib/yii/web/filters/CFilter.php(40): CFilterChain->run()
#24 /home/polz/raziskave/issep-2014/BOBER/common/lib/yii/web/CController.php(1145): CFilter->filter(Object(CFilterChain))
#25 /home/polz/raziskave/issep-2014/BOBER/common/lib/yii/web/filters/CInlineFilter.php(58): CController->filterAccessControl(Object(CFilterChain))
#26 /home/polz/raziskave/issep-2014/BOBER/common/lib/yii/web/filters/CFilterChain.php(130): CInlineFilter->filter(Object(CFilterChain))
#27 /home/polz/raziskave/issep-2014/BOBER/common/lib/yii/web/CController.php(291): CFilterChain->run()
#28 /home/polz/raziskave/issep-2014/BOBER/common/lib/yii/web/CController.php(265): CController->runActionWithFilters(Object(CInlineAction), Array)
#29 /home/polz/raziskave/issep-2014/BOBER/common/lib/yii/web/CWebApplication.php(282): CController->run('')
#30 /home/polz/raziskave/issep-2014/BOBER/common/lib/yii/web/CWebApplication.php(141): CWebApplication->runController('')
#31 /home/polz/raziskave/issep-2014/BOBER/common/lib/yii/base/CApplication.php(180): CWebApplication->processRequest()
#32 /home/polz/raziskave/issep-2014/BOBER/backend/www/index.php(23): CApplication->run()
#33 {main}
REQUEST_URI=/bober/
---
2014/07/28 20:32:02 [error] [exception.CException] exception 'CException' with message 'CAssetManager.basePath "/home/polz/raziskave/issep-2014/BOBER/backend/www/assets" is invalid. Please make sure the directory exists and is writable by the Web server process.' in /home/polz/raziskave/issep-2014/BOBER/common/lib/yii/web/CAssetManager.php:138
Stack trace:
#0 /home/polz/raziskave/issep-2014/BOBER/common/lib/yii/web/CAssetManager.php(123): CAssetManager->setBasePath('/home/polz/razi...')
#1 /home/polz/raziskave/issep-2014/BOBER/common/lib/yii/web/CAssetManager.php(217): CAssetManager->getBasePath()
#2 /home/polz/raziskave/issep-2014/BOBER/backend/components/CustomCAssetManager.php(6): CAssetManager->publish('/home/polz/razi...', true, -1, NULL)
#3 /home/polz/raziskave/issep-2014/BOBER/common/lib/yii/web/CClientScript.php(510): CustomCAssetManager->publish('/home/polz/razi...')
#4 /home/polz/raziskave/issep-2014/BOBER/common/lib/yii/zii/widgets/jui/CJuiWidget.php(98): CClientScript->getCoreScriptUrl()
#5 /home/polz/raziskave/issep-2014/BOBER/common/lib/yii/zii/widgets/jui/CJuiWidget.php(81): CJuiWidget->resolvePackagePath()
#6 /home/polz/raziskave/issep-2014/BOBER/common/lib/yii/zii/widgets/jui/CJuiButton.php(87): CJuiWidget->init()
#7 /home/polz/raziskave/issep-2014/BOBER/common/lib/yii/web/CBaseController.php(147): CJuiButton->init()
#8 /home/polz/raziskave/issep-2014/BOBER/common/lib/yii/web/CBaseController.php(172): CBaseController->createWidget('zii.widgets.jui...', Array)
#9 /home/polz/raziskave/issep-2014/BOBER/backend/views/startCompetition/_form.php(92): CBaseController->widget('zii.widgets.jui...', Array)
#10 /home/polz/raziskave/issep-2014/BOBER/common/lib/yii/web/CBaseController.php(126): require('/home/polz/razi...')
#11 /home/polz/raziskave/issep-2014/BOBER/common/lib/yii/web/CBaseController.php(95): CBaseController->renderInternal('/home/polz/razi...', Array, true)
#12 /home/polz/raziskave/issep-2014/BOBER/common/lib/yii/web/CController.php(869): CBaseController->renderFile('/home/polz/razi...', Array, true)
#13 /home/polz/raziskave/issep-2014/BOBER/backend/views/startCompetition/create.php(9): CController->renderPartial('_form', Array)
#14 /home/polz/raziskave/issep-2014/BOBER/common/lib/yii/web/CBaseController.php(126): require('/home/polz/razi...')
#15 /home/polz/raziskave/issep-2014/BOBER/common/lib/yii/web/CBaseController.php(95): CBaseController->renderInternal('/home/polz/razi...', Array, true)
#16 /home/polz/raziskave/issep-2014/BOBER/common/lib/yii/web/CController.php(869): CBaseController->renderFile('/home/polz/razi...', Array, true)
#17 /home/polz/raziskave/issep-2014/BOBER/common/lib/yii/web/CController.php(782): CController->renderPartial('create', Array, true)
#18 /home/polz/raziskave/issep-2014/BOBER/backend/controllers/StartCompetitionController.php(187): CController->render('create', Array)
#19 /home/polz/raziskave/issep-2014/BOBER/backend/controllers/StartCompetitionController.php(213): StartCompetitionController->actionCreate()
#20 /home/polz/raziskave/issep-2014/BOBER/common/lib/yii/web/actions/CInlineAction.php(49): StartCompetitionController->actionIndex()
#21 /home/polz/raziskave/issep-2014/BOBER/common/lib/yii/web/CController.php(308): CInlineAction->runWithParams(Array)
#22 /home/polz/raziskave/issep-2014/BOBER/common/lib/yii/web/filters/CFilterChain.php(133): CController->runAction(Object(CInlineAction))
#23 /home/polz/raziskave/issep-2014/BOBER/common/lib/yii/web/filters/CFilter.php(40): CFilterChain->run()
#24 /home/polz/raziskave/issep-2014/BOBER/common/lib/yii/web/CController.php(1145): CFilter->filter(Object(CFilterChain))
#25 /home/polz/raziskave/issep-2014/BOBER/common/lib/yii/web/filters/CInlineFilter.php(58): CController->filterAccessControl(Object(CFilterChain))
#26 /home/polz/raziskave/issep-2014/BOBER/common/lib/yii/web/filters/CFilterChain.php(130): CInlineFilter->filter(Object(CFilterChain))
#27 /home/polz/raziskave/issep-2014/BOBER/common/lib/yii/web/CController.php(291): CFilterChain->run()
#28 /home/polz/raziskave/issep-2014/BOBER/common/lib/yii/web/CController.php(265): CController->runActionWithFilters(Object(CInlineAction), Array)
#29 /home/polz/raziskave/issep-2014/BOBER/common/lib/yii/web/CWebApplication.php(282): CController->run('')
#30 /home/polz/raziskave/issep-2014/BOBER/common/lib/yii/web/CWebApplication.php(141): CWebApplication->runController('')
#31 /home/polz/raziskave/issep-2014/BOBER/common/lib/yii/base/CApplication.php(180): CWebApplication->processRequest()
#32 /home/polz/raziskave/issep-2014/BOBER/backend/www/index.php(23): CApplication->run()
#33 {main}
REQUEST_URI=/bober/
---
